2015-05-15 17:14:13.613 CidadaniaAtivaApp[3420:135035] Apache Cordova native platform version 3.7.0 is starting.
2015-05-15 17:14:13.613 CidadaniaAtivaApp[3420:135035] Multi-tasking -> Device: YES, App: YES
2015-05-15 17:14:13.616 CidadaniaAtivaApp[3420:135035] Unlimited access to network resources
2015-05-15 17:14:13.689 CidadaniaAtivaApp[3420:135035] [CDVTimer][keyboard] 0.051975ms
2015-05-15 17:14:13.714 CidadaniaAtivaApp[3420:135035] [CDVTimer][statusbar] 25.031984ms
2015-05-15 17:14:13.714 CidadaniaAtivaApp[3420:135035] [CDVTimer][TotalPluginStartup] 25.739014ms
2015-05-15 17:14:13.786 CidadaniaAtivaApp[3420:135035] Resetting plugins due to page load.
2015-05-15 17:14:14.403 CidadaniaAtivaApp[3420:135035] Finished load of: file:///Users/lucas/Library/Developer/CoreSimulator/Devices/9DF1EA58-F610-4F91-BEAB-A98AFEE321B1/data/Containers/Bundle/Application/9E121E8F-4C86-4350-BCE9-3E00067236A8/CidadaniaAtivaApp.app/www/index.html#/login
2015-05-15 17:14:16.260 CidadaniaAtivaApp[3420:135035] Setting the WebView's frame to {{0, 0}, {375, 623}}
2015-05-15 17:14:16.265 CidadaniaAtivaApp[3420:135035] THREAD WARNING: ['InAppBrowser'] took '64.920166' ms. Plugin should use a background thread.
2015-05-15 17:26:43.169 CidadaniaAtivaApp[3780:141466] Apache Cordova native platform version 3.7.0 is starting.
2015-05-15 17:26:43.170 CidadaniaAtivaApp[3780:141466] Multi-tasking -> Device: YES, App: YES
2015-05-15 17:26:43.189 CidadaniaAtivaApp[3780:141466] Unlimited access to network resources
2015-05-15 17:26:43.526 CidadaniaAtivaApp[3780:141466] [CDVTimer][keyboard] 0.052035ms
2015-05-15 17:26:43.638 CidadaniaAtivaApp[3780:141466] [CDVTimer][statusbar] 111.631036ms
2015-05-15 17:26:43.638 CidadaniaAtivaApp[3780:141466] [CDVTimer][TotalPluginStartup] 111.976027ms
2015-05-15 17:26:43.800 CidadaniaAtivaApp[3780:141466] Resetting plugins due to page load.
2015-05-15 17:26:44.412 CidadaniaAtivaApp[3780:141466] Finished load of: file:///Users/lucas/Library/Developer/CoreSimulator/Devices/9DF1EA58-F610-4F91-BEAB-A98AFEE321B1/data/Containers/Bundle/Application/E8E0F224-0276-4C75-A172-5C7651C098FB/CidadaniaAtivaApp.app/www/index.html#/login
2015-05-15 17:26:44.531 CidadaniaAtivaApp[3780:141466] ERROR: Error: undefined is not a function (evaluating 'AuthService.getName()')
AppCtrl@file:///Users/lucas/Library/Developer/CoreSimulator/Devices/9DF1EA58-F610-4F91-BEAB-A98AFEE321B1/data/Containers/Bundle/Application/E8E0F224-0276-4C75-A172-5C7651C098FB/CidadaniaAtivaApp.app/www/js/controllers/app.controller.js:12:46
invoke@file:///Users/lucas/Library/Developer/CoreSimulator/Devices/9DF1EA58-F610-4F91-BEAB-A98AFEE321B1/data/Containers/Bundle/Application/E8E0F224-0276-4C75-A172-5C7651C098FB/CidadaniaAtivaApp.app/www/lib/ionic/js/ionic.bundle.js:12821:22
instantiate@file:///Users/lucas/Library/Developer/CoreSimulator/Devices/9DF1EA58-F610-4F91-BEAB-A98AFEE321B1/data/Containers/Bundle/Application/E8E0F224-0276-4C75-A172-5C7651C098FB/CidadaniaAtivaApp.app/www/lib/ionic/js/ionic.bundle.js:12829:33
file:///Users/lucas/Library/Developer/CoreSimulator/Devices/9DF1EA58-F610-4F91-BEAB-A98AFEE321B1/data/Containers/Bundle/Application/E8E0F224-0276-4C75-A172-5C7651C098FB/CidadaniaAtivaApp.app/www/lib/ionic/js/ionic.bundle.js:17098:39
appendViewElement@file:///Users/lucas/Library/Developer/CoreSimulator/Devices/9DF1EA58-F610-4F91-BEAB-A98AFEE321B1/data/Containers/Bundle/Application/E8E0F224-0276-4C75-A172-5C7651C098FB/CidadaniaAtivaApp.app/www/lib/ionic/js/ionic.bundle.js:48110:35
render@file:///Users/lucas/Library/Developer/CoreSimulator/Devices/9DF1EA58-F610-4F91-BEAB-A98AFEE321B1/data/Containers/Bundle/Application/E8E0F224-0276-4C75-A172-5C7651C098FB/CidadaniaAtivaApp.app/www/lib/ionic/js/ionic.bundle.js:46322:58
init@file:///Users/lucas/Library/Developer/CoreSimulator/Devices/9DF1EA58-F610-4F91-BEAB-A98AFEE321B1/data/Containers/Bundle/Application/E8E0F224-0276-4C75-A172-5C7651C098FB/CidadaniaAtivaApp.app/www/lib/ionic/js/ionic.bundle.js:46242:26
render@file:///Users/lucas/Library/Developer/CoreSimulator/Devices/9DF1EA58-F610-4F91-BEAB-A98AFEE321B1/data/Containers/Bundle/Application/E8E0F224-0276-4C75-A172-5C7651C098FB/CidadaniaAtivaApp.app/www/lib/ionic/js/ionic.bundle.js:47984:18
register@file:///Users/lucas/Library/Developer/CoreSimulator/Devices/9DF1EA58-F610-4F91-BEAB-A98AFEE321B1/data/Containers/Bundle/Application/E8E0F224-0276-4C75-A172-5C7651C098FB/CidadaniaAtivaApp.app/www/lib/ionic/js/ionic.bundle.js:47942:16
updateView@file:///Users/lucas/Library/Developer/CoreSimulator/Devices/9DF1EA58-F610-4F91-BEAB-A98AFEE321B1/data/Containers/Bundle/Application/E8E0F224-0276-4C75-A172-5C7651C098FB/CidadaniaAtivaApp.app/www/lib/ionic/js/ionic.bundle.js:53270:31
file:///Users/lucas/Library/Developer/CoreSimulator/Devices/9DF1EA58-F610-4F91-BEAB-A98AFEE321B1/data/Containers/Bundle/Application/E8E0F224-0276-4C75-A172-5C7651C098FB/CidadaniaAtivaApp.app/www/lib/ionic/js/ionic.bundle.js:53247:21
$broadcast@file:///Users/lucas/Library/Developer/CoreSimulator/Devices/9DF1EA58-F610-4F91-BEAB-A98AFEE321B1/data/Containers/Bundle/Application/E8E0F224-0276-4C75-A172-5C7651C098FB/CidadaniaAtivaApp.app/www/lib/ionic/js/ionic.bundle.js:23356:33
file:///Users/lucas/Library/Developer/CoreSimulator/Devices/9DF1EA58-F610-4F91-BEAB-A98AFEE321B1/data/Containers/Bundle/Application/E8E0F224-0276-4C75-A172-5C7651C098FB/CidadaniaAtivaApp.app/www/lib/ionic/js/ionic.bundle.js:40826:32
processQueue@file:///Users/lucas/Library/Developer/CoreSimulator/Devices/9DF1EA58-F610-4F91-BEAB-A98AFEE321B1/data/Containers/Bundle/Application/E8E0F224-0276-4C75-A172-5C7651C098FB/CidadaniaAtivaApp.app/www/lib/ionic/js/ionic.bundle.js:21825:29
file:///Users/lucas/Library/Developer/CoreSimulator/Devices/9DF1EA58-F610-4F91-BEAB-A98AFEE321B1/data/Containers/Bundle/Application/E8E0F224-0276-4C75-A172-5C7651C098FB/CidadaniaAtivaApp.app/www/lib/ionic/js/ionic.bundle.js:21841:39
$eval@file:///Users/lucas/Library/Developer/CoreSimulator/Devices/9DF1EA58-F610-4F91-BEAB-A98AFEE321B1/data/Containers/Bundle/Application/E8E0F224-0276-4C75-A172-5C7651C098FB/CidadaniaAtivaApp.app/www/lib/ionic/js/ionic.bundle.js:23037:28
$digest@file:///Users/lucas/Library/Developer/CoreSimulator/Devices/9DF1EA58-F610-4F91-BEAB-A98AFEE321B1/data/Containers/Bundle/Application/E8E0F224-0276-4C75-A172-5C7651C098FB/CidadaniaAtivaApp.app/www/lib/ionic/js/ionic.bundle.js:22853:36
$apply@file:///Users/lucas/Library/Developer/CoreSimulator/Devices/9DF1EA58-F610-4F91-BEAB-A98AFEE321B1/data/Containers/Bundle/Application/E8E0F224-0276-4C75-A172-5C7651C098FB/CidadaniaAtivaApp.app/www/lib/ionic/js/ionic.bundle.js:23142:31
done@file:///Users/lucas/Library/Developer/CoreSimulator/Devices/9DF1EA58-F610-4F91-BEAB-A98AFEE321B1/data/Containers/Bundle/Application/E8E0F224-0276-4C75-A172-5C7651C098FB/CidadaniaAtivaApp.app/www/lib/ionic/js/ionic.bundle.js:18295:53
completeRequest@file:///Users/lucas/Library/Developer/CoreSimulator/Devices/9DF1EA58-F610-4F91-BEAB-A98AFEE321B1/data/Containers/Bundle/Application/E8E0F224-0276-4C75-A172-5C7651C098FB/CidadaniaAtivaApp.app/www/lib/ionic/js/ionic.bundle.js:18485:15
requestLoaded@file:///Users/lucas/Library/Developer/CoreSimulator/Devices/9DF1EA58-F610-4F91-BEAB-A98AFEE321B1/data/Containers/Bundle/Application/E8E0F224-0276-4C75-A172-5C7651C098FB/CidadaniaAtivaApp.app/www/lib/ionic/js/ionic.bundle.js:18426:24
2015-05-15 17:26:46.459 CidadaniaAtivaApp[3780:141466] Setting the WebView's frame to {{0, 0}, {375, 623}}
2015-05-15 17:26:46.484 CidadaniaAtivaApp[3780:141466] THREAD WARNING: ['InAppBrowser'] took '122.068115' ms. Plugin should use a background thread.
2015-05-15 17:27:22.280 CidadaniaAtivaApp[3780:141466] Setting the WebView's frame to {{0, 0}, {375, 623}}
2015-05-15 17:27:22.282 CidadaniaAtivaApp[3780:141466] THREAD WARNING: ['InAppBrowser'] took '55.885010' ms. Plugin should use a background thread.
2015-05-15 17:27:39.211 CidadaniaAtivaApp[3780:141587] Terminating since there is no system app.
2015-05-15 17:35:16.398 CidadaniaAtivaApp[4128:147645] Apache Cordova native platform version 3.7.0 is starting.
2015-05-15 17:35:16.399 CidadaniaAtivaApp[4128:147645] Multi-tasking -> Device: YES, App: YES
2015-05-15 17:35:16.401 CidadaniaAtivaApp[4128:147645] Unlimited access to network resources
2015-05-15 17:35:16.491 CidadaniaAtivaApp[4128:147645] [CDVTimer][keyboard] 0.054002ms
2015-05-15 17:35:16.513 CidadaniaAtivaApp[4128:147645] [CDVTimer][statusbar] 21.595001ms
2015-05-15 17:35:16.513 CidadaniaAtivaApp[4128:147645] [CDVTimer][TotalPluginStartup] 21.951020ms
2015-05-15 17:35:16.588 CidadaniaAtivaApp[4128:147645] Resetting plugins due to page load.
2015-05-15 17:35:17.105 CidadaniaAtivaApp[4128:147645] Finished load of: file:///Users/lucas/Library/Developer/CoreSimulator/Devices/9DF1EA58-F610-4F91-BEAB-A98AFEE321B1/data/Containers/Bundle/Application/5FCC4DD5-B2EB-4527-828F-94FC0C38CF10/CidadaniaAtivaApp.app/www/index.html#/login
2015-05-15 17:37:52.317 CidadaniaAtivaApp[4458:149465] DiskCookieStorage changing policy from 2 to 0, cookie file: file:///Users/lucas/Library/Developer/CoreSimulator/Devices/9DF1EA58-F610-4F91-BEAB-A98AFEE321B1/data/Containers/Data/Application/0441A0EF-A2E6-4EE3-82D8-E98A77520035/Library/Cookies/Cookies.binarycookies
2015-05-15 17:37:52.427 CidadaniaAtivaApp[4458:149465] Apache Cordova native platform version 3.7.0 is starting.
2015-05-15 17:37:52.427 CidadaniaAtivaApp[4458:149465] Multi-tasking -> Device: YES, App: YES
2015-05-15 17:37:52.429 CidadaniaAtivaApp[4458:149465] Unlimited access to network resources
2015-05-15 17:37:52.526 CidadaniaAtivaApp[4458:149465] [CDVTimer][keyboard] 0.057995ms
2015-05-15 17:37:52.542 CidadaniaAtivaApp[4458:149465] [CDVTimer][statusbar] 16.267002ms
2015-05-15 17:37:52.542 CidadaniaAtivaApp[4458:149465] [CDVTimer][TotalPluginStartup] 17.080963ms
2015-05-15 17:37:52.810 CidadaniaAtivaApp[4458:149465] Resetting plugins due to page load.
2015-05-15 17:37:53.745 CidadaniaAtivaApp[4458:149465] Finished load of: file:///Users/lucas/Library/Developer/CoreSimulator/Devices/9DF1EA58-F610-4F91-BEAB-A98AFEE321B1/data/Containers/Bundle/Application/233099F7-2923-42F8-9A0C-29A23E341688/CidadaniaAtivaApp.app/www/index.html#/login
2015-05-15 17:37:58.822 CidadaniaAtivaApp[4458:149465] Setting the WebView's frame to {{0, 0}, {375, 623}}
2015-05-15 17:37:58.826 CidadaniaAtivaApp[4458:149465] THREAD WARNING: ['InAppBrowser'] took '66.166992' ms. Plugin should use a background thread.
2015-05-15 17:38:08.060 CidadaniaAtivaApp[4458:149465] The sign in flow was canceled
2015-05-15 17:38:09.425 CidadaniaAtivaApp[4458:149465] Setting the WebView's frame to {{0, 0}, {375, 623}}
2015-05-15 17:38:09.427 CidadaniaAtivaApp[4458:149465] THREAD WARNING: ['InAppBrowser'] took '45.942871' ms. Plugin should use a background thread.
2015-05-15 17:48:12.464 CidadaniaAtivaApp[4813:156759] DiskCookieStorage changing policy from 2 to 0, cookie file: file:///Users/lucas/Library/Developer/CoreSimulator/Devices/9DF1EA58-F610-4F91-BEAB-A98AFEE321B1/data/Containers/Data/Application/D41FA323-643A-465F-9CF0-22A3D9875AC1/Library/Cookies/Cookies.binarycookies
2015-05-15 17:48:12.586 CidadaniaAtivaApp[4813:156759] Apache Cordova native platform version 3.7.0 is starting.
2015-05-15 17:48:12.586 CidadaniaAtivaApp[4813:156759] Multi-tasking -> Device: YES, App: YES
2015-05-15 17:48:12.588 CidadaniaAtivaApp[4813:156759] Unlimited access to network resources
2015-05-15 17:48:12.685 CidadaniaAtivaApp[4813:156759] [CDVTimer][keyboard] 0.068963ms
2015-05-15 17:48:12.700 CidadaniaAtivaApp[4813:156759] [CDVTimer][statusbar] 15.024006ms
2015-05-15 17:48:12.700 CidadaniaAtivaApp[4813:156759] [CDVTimer][TotalPluginStartup] 15.748024ms
2015-05-15 17:48:12.964 CidadaniaAtivaApp[4813:156759] Resetting plugins due to page load.
2015-05-15 17:48:13.584 CidadaniaAtivaApp[4813:156759] Finished load of: file:///Users/lucas/Library/Developer/CoreSimulator/Devices/9DF1EA58-F610-4F91-BEAB-A98AFEE321B1/data/Containers/Bundle/Application/C6CAA91E-066D-47A0-95C8-A29FCEFB32BD/CidadaniaAtivaApp.app/www/index.html#/login
2015-05-15 17:48:15.952 CidadaniaAtivaApp[4813:156759] Setting the WebView's frame to {{0, 0}, {375, 623}}
2015-05-15 17:48:15.956 CidadaniaAtivaApp[4813:156759] THREAD WARNING: ['InAppBrowser'] took '64.126221' ms. Plugin should use a background thread.
2015-05-15 17:51:28.869 CidadaniaAtivaApp[5147:159616] Apache Cordova native platform version 3.7.0 is starting.
2015-05-15 17:51:28.870 CidadaniaAtivaApp[5147:159616] Multi-tasking -> Device: YES, App: YES
2015-05-15 17:51:28.872 CidadaniaAtivaApp[5147:159616] Unlimited access to network resources
2015-05-15 17:51:28.959 CidadaniaAtivaApp[5147:159616] [CDVTimer][keyboard] 0.092030ms
2015-05-15 17:51:28.979 CidadaniaAtivaApp[5147:159616] [CDVTimer][statusbar] 20.020008ms
2015-05-15 17:51:28.979 CidadaniaAtivaApp[5147:159616] [CDVTimer][TotalPluginStartup] 20.438015ms
2015-05-15 17:51:29.065 CidadaniaAtivaApp[5147:159616] Resetting plugins due to page load.
2015-05-15 17:51:29.532 CidadaniaAtivaApp[5147:159616] Finished load of: file:///Users/lucas/Library/Developer/CoreSimulator/Devices/9DF1EA58-F610-4F91-BEAB-A98AFEE321B1/data/Containers/Bundle/Application/BB14980C-B5FD-4B68-8514-B574438163DF/CidadaniaAtivaApp.app/www/index.html#/app/main
2015-05-15 17:52:01.562 CidadaniaAtivaApp[5465:160714] DiskCookieStorage changing policy from 2 to 0, cookie file: file:///Users/lucas/Library/Developer/CoreSimulator/Devices/9DF1EA58-F610-4F91-BEAB-A98AFEE321B1/data/Containers/Data/Application/F213FA45-B46C-4F5C-94C2-E529A78BDC1E/Library/Cookies/Cookies.binarycookies
2015-05-15 17:52:01.681 CidadaniaAtivaApp[5465:160714] Apache Cordova native platform version 3.7.0 is starting.
2015-05-15 17:52:01.682 CidadaniaAtivaApp[5465:160714] Multi-tasking -> Device: YES, App: YES
2015-05-15 17:52:01.684 CidadaniaAtivaApp[5465:160714] Unlimited access to network resources
2015-05-15 17:52:01.788 CidadaniaAtivaApp[5465:160714] [CDVTimer][keyboard] 0.090003ms
2015-05-15 17:52:01.805 CidadaniaAtivaApp[5465:160714] [CDVTimer][statusbar] 17.254055ms
2015-05-15 17:52:01.805 CidadaniaAtivaApp[5465:160714] [CDVTimer][TotalPluginStartup] 17.997980ms
2015-05-15 17:52:02.076 CidadaniaAtivaApp[5465:160714] Resetting plugins due to page load.
2015-05-15 17:52:02.675 CidadaniaAtivaApp[5465:160714] Finished load of: file:///Users/lucas/Library/Developer/CoreSimulator/Devices/9DF1EA58-F610-4F91-BEAB-A98AFEE321B1/data/Containers/Bundle/Application/C8685F20-3828-4389-87BA-FFFA7207BC0F/CidadaniaAtivaApp.app/www/index.html#/login
2015-05-15 17:52:04.008 CidadaniaAtivaApp[5465:160714] Setting the WebView's frame to {{0, 0}, {375, 623}}
2015-05-15 17:52:04.012 CidadaniaAtivaApp[5465:160714] THREAD WARNING: ['InAppBrowser'] took '60.773926' ms. Plugin should use a background thread.
2015-05-15 17:52:48.868 CidadaniaAtivaApp[5465:160995] Terminating since there is no system app.
2015-05-15 18:02:30.517 CidadaniaAtivaApp[5826:169304] Apache Cordova native platform version 3.7.0 is starting.
2015-05-15 18:02:30.518 CidadaniaAtivaApp[5826:169304] Multi-tasking -> Device: YES, App: YES
2015-05-15 18:02:30.520 CidadaniaAtivaApp[5826:169304] Unlimited access to network resources
2015-05-15 18:02:30.605 CidadaniaAtivaApp[5826:169304] [CDVTimer][keyboard] 0.064015ms
2015-05-15 18:02:30.623 CidadaniaAtivaApp[5826:169304] [CDVTimer][statusbar] 17.664015ms
2015-05-15 18:02:30.623 CidadaniaAtivaApp[5826:169304] [CDVTimer][TotalPluginStartup] 18.051982ms
2015-05-15 18:02:30.699 CidadaniaAtivaApp[5826:169304] Resetting plugins due to page load.
2015-05-15 18:02:31.221 CidadaniaAtivaApp[5826:169304] Finished load of: file:///Users/lucas/Library/Developer/CoreSimulator/Devices/9DF1EA58-F610-4F91-BEAB-A98AFEE321B1/data/Containers/Bundle/Application/87FEEA97-37B0-40A9-B4A4-3A22A0ABAEB2/CidadaniaAtivaApp.app/www/index.html#/app/main
2015-05-15 18:02:43.717 CidadaniaAtivaApp[5826:169304] Setting the WebView's frame to {{0, 0}, {375, 623}}
2015-05-15 18:02:43.722 CidadaniaAtivaApp[5826:169304] THREAD WARNING: ['InAppBrowser'] took '60.093750' ms. Plugin should use a background thread.
2015-05-16 11:13:25.846 CidadaniaAtivaApp[796:19568] DiskCookieStorage changing policy from 2 to 0, cookie file: file:///Users/lucas/Library/Developer/CoreSimulator/Devices/9DF1EA58-F610-4F91-BEAB-A98AFEE321B1/data/Containers/Data/Application/DE3FAD76-E4D9-49AC-953A-3A0A050F5F4F/Library/Cookies/Cookies.binarycookies
2015-05-16 11:13:26.085 CidadaniaAtivaApp[796:19568] Apache Cordova native platform version 3.7.0 is starting.
2015-05-16 11:13:26.085 CidadaniaAtivaApp[796:19568] Multi-tasking -> Device: YES, App: YES
2015-05-16 11:13:26.100 CidadaniaAtivaApp[796:19568] Unlimited access to network resources
2015-05-16 11:13:26.389 CidadaniaAtivaApp[796:19568] [CDVTimer][keyboard] 0.059009ms
2015-05-16 11:13:26.488 CidadaniaAtivaApp[796:19568] [CDVTimer][statusbar] 98.526955ms
2015-05-16 11:13:26.488 CidadaniaAtivaApp[796:19568] [CDVTimer][TotalPluginStartup] 99.238992ms
2015-05-16 11:13:26.901 CidadaniaAtivaApp[796:19568] Resetting plugins due to page load.
2015-05-16 11:13:27.471 CidadaniaAtivaApp[796:19568] Finished load of: file:///Users/lucas/Library/Developer/CoreSimulator/Devices/9DF1EA58-F610-4F91-BEAB-A98AFEE321B1/data/Containers/Bundle/Application/3EE37E67-E4FB-480A-A386-82F5B8420AA7/CidadaniaAtivaApp.app/www/index.html#/login
2015-05-16 11:13:30.348 CidadaniaAtivaApp[796:19568] Setting the WebView's frame to {{0, 0}, {375, 623}}
2015-05-16 11:13:30.358 CidadaniaAtivaApp[796:19568] THREAD WARNING: ['InAppBrowser'] took '101.625000' ms. Plugin should use a background thread.
2015-05-17 12:55:38.827 CidadaniaAtivaApp[1079:90834] DiskCookieStorage changing policy from 2 to 0, cookie file: file:///Users/lucas/Library/Developer/CoreSimulator/Devices/9DF1EA58-F610-4F91-BEAB-A98AFEE321B1/data/Containers/Data/Application/C3A20A47-788A-479D-BD23-CFEE2654E54F/Library/Cookies/Cookies.binarycookies
2015-05-17 12:55:39.093 CidadaniaAtivaApp[1079:90834] Apache Cordova native platform version 3.7.0 is starting.
2015-05-17 12:55:39.094 CidadaniaAtivaApp[1079:90834] Multi-tasking -> Device: YES, App: YES
2015-05-17 12:55:39.112 CidadaniaAtivaApp[1079:90834] Unlimited access to network resources
2015-05-17 12:55:39.434 CidadaniaAtivaApp[1079:90834] [CDVTimer][keyboard] 0.057042ms
2015-05-17 12:55:39.549 CidadaniaAtivaApp[1079:90834] [CDVTimer][statusbar] 114.812970ms
2015-05-17 12:55:39.549 CidadaniaAtivaApp[1079:90834] [CDVTimer][TotalPluginStartup] 115.556955ms
2015-05-17 12:55:39.880 CidadaniaAtivaApp[1079:90834] Resetting plugins due to page load.
2015-05-17 12:55:40.466 CidadaniaAtivaApp[1079:90834] Finished load of: file:///Users/lucas/Library/Developer/CoreSimulator/Devices/9DF1EA58-F610-4F91-BEAB-A98AFEE321B1/data/Containers/Bundle/Application/FED0FF57-A643-4B75-AD37-61D997141254/CidadaniaAtivaApp.app/www/index.html#/login
2015-05-17 12:55:43.369 CidadaniaAtivaApp[1079:90834] Setting the WebView's frame to {{0, 0}, {375, 623}}
2015-05-17 12:55:43.386 CidadaniaAtivaApp[1079:90834] THREAD WARNING: ['InAppBrowser'] took '103.910889' ms. Plugin should use a background thread.
2015-05-17 13:00:51.585 CidadaniaAtivaApp[1407:93617] Apache Cordova native platform version 3.7.0 is starting.
2015-05-17 13:00:51.585 CidadaniaAtivaApp[1407:93617] Multi-tasking -> Device: YES, App: YES
2015-05-17 13:00:51.589 CidadaniaAtivaApp[1407:93617] Unlimited access to network resources
2015-05-17 13:00:51.674 CidadaniaAtivaApp[1407:93617] [CDVTimer][keyboard] 0.078976ms
2015-05-17 13:00:51.690 CidadaniaAtivaApp[1407:93617] [CDVTimer][statusbar] 15.537977ms
2015-05-17 13:00:51.690 CidadaniaAtivaApp[1407:93617] [CDVTimer][TotalPluginStartup] 16.075969ms
2015-05-17 13:00:51.764 CidadaniaAtivaApp[1407:93617] Resetting plugins due to page load.
2015-05-17 13:00:52.218 CidadaniaAtivaApp[1407:93617] Finished load of: file:///Users/lucas/Library/Developer/CoreSimulator/Devices/9DF1EA58-F610-4F91-BEAB-A98AFEE321B1/data/Containers/Bundle/Application/90BCB671-C222-419F-BC19-E548CF67C183/CidadaniaAtivaApp.app/www/index.html#/app/main
2015-05-17 22:31:33.448 CidadaniaAtivaApp[2086:183504] DiskCookieStorage changing policy from 2 to 0, cookie file: file:///Users/lucas/Library/Developer/CoreSimulator/Devices/9DF1EA58-F610-4F91-BEAB-A98AFEE321B1/data/Containers/Data/Application/E26EB1A0-9A18-4235-9CD0-D181E6837911/Library/Cookies/Cookies.binarycookies
2015-05-17 22:31:33.718 CidadaniaAtivaApp[2086:183504] Apache Cordova native platform version 3.7.0 is starting.
2015-05-17 22:31:33.718 CidadaniaAtivaApp[2086:183504] Multi-tasking -> Device: YES, App: YES
2015-05-17 22:31:33.738 CidadaniaAtivaApp[2086:183504] Unlimited access to network resources
2015-05-17 22:31:34.072 CidadaniaAtivaApp[2086:183504] [CDVTimer][keyboard] 0.055015ms
2015-05-17 22:31:34.183 CidadaniaAtivaApp[2086:183504] [CDVTimer][statusbar] 111.019969ms
2015-05-17 22:31:34.183 CidadaniaAtivaApp[2086:183504] [CDVTimer][TotalPluginStartup] 111.635029ms
2015-05-17 22:31:34.521 CidadaniaAtivaApp[2086:183504] Resetting plugins due to page load.
2015-05-17 22:31:35.080 CidadaniaAtivaApp[2086:183504] Finished load of: file:///Users/lucas/Library/Developer/CoreSimulator/Devices/9DF1EA58-F610-4F91-BEAB-A98AFEE321B1/data/Containers/Bundle/Application/5BBC3AB9-DEC0-45D8-B722-7A2089283AF5/CidadaniaAtivaApp.app/www/index.html#/login
2015-05-17 22:31:38.450 CidadaniaAtivaApp[2086:183504] Setting the WebView's frame to {{0, 0}, {375, 623}}
2015-05-17 22:31:38.462 CidadaniaAtivaApp[2086:183504] THREAD WARNING: ['InAppBrowser'] took '107.857178' ms. Plugin should use a background thread.
2015-05-20 23:30:59.323 CidadaniaAtivaApp[12579:123879] Apache Cordova native platform version 3.7.0 is starting.
2015-05-20 23:30:59.325 CidadaniaAtivaApp[12579:123879] Multi-tasking -> Device: YES, App: YES
2015-05-20 23:30:59.339 CidadaniaAtivaApp[12579:123879] Unlimited access to network resources
2015-05-20 23:30:59.745 CidadaniaAtivaApp[12579:123879] [CDVTimer][keyboard] 0.096023ms
2015-05-20 23:30:59.893 CidadaniaAtivaApp[12579:123879] [CDVTimer][statusbar] 148.369968ms
2015-05-20 23:30:59.894 CidadaniaAtivaApp[12579:123879] [CDVTimer][TotalPluginStartup] 149.392962ms
2015-05-20 23:31:00.218 CidadaniaAtivaApp[12579:123879] Resetting plugins due to page load.
2015-05-20 23:31:01.009 CidadaniaAtivaApp[12579:123879] Finished load of: file:///Users/lucas/Library/Developer/CoreSimulator/Devices/9DF1EA58-F610-4F91-BEAB-A98AFEE321B1/data/Containers/Bundle/Application/A0028457-E4F8-43C8-B690-4E8107BB49D0/CidadaniaAtivaApp.app/www/index.html#/login
2015-05-20 23:31:37.012 CidadaniaAtivaApp[12579:123879] Setting the WebView's frame to {{0, 0}, {375, 623}}
2015-05-20 23:31:37.042 CidadaniaAtivaApp[12579:123879] THREAD WARNING: ['InAppBrowser'] took '200.401611' ms. Plugin should use a background thread.
2015-05-20 23:33:54.414 CidadaniaAtivaApp[12579:125638] Terminating since there is no system app.
2015-05-20 23:33:54.423 CidadaniaAtivaApp[12579:125614] Communications error: <OS_xpc_error: <error: 0x2d845f4> { count = 1, contents =
	"XPCErrorDescription" => <string: 0x2d8483c> { length = 22, contents = "Connection interrupted" }
}>
2015-05-24 21:16:01.783 CidadaniaAtivaApp[1113:50883] Apache Cordova native platform version 3.7.0 is starting.
2015-05-24 21:16:01.785 CidadaniaAtivaApp[1113:50883] Multi-tasking -> Device: YES, App: YES
2015-05-24 21:16:01.802 CidadaniaAtivaApp[1113:50883] Unlimited access to network resources
2015-05-24 21:16:02.104 CidadaniaAtivaApp[1113:50883] [CDVTimer][keyboard] 0.056028ms
2015-05-24 21:16:02.214 CidadaniaAtivaApp[1113:50883] [CDVTimer][statusbar] 110.008955ms
2015-05-24 21:16:02.214 CidadaniaAtivaApp[1113:50883] [CDVTimer][TotalPluginStartup] 110.639989ms
2015-05-24 21:16:02.411 CidadaniaAtivaApp[1113:50883] Resetting plugins due to page load.
2015-05-24 21:16:03.298 CidadaniaAtivaApp[1113:50883] Finished load of: file:///Users/lucas/Library/Developer/CoreSimulator/Devices/9DF1EA58-F610-4F91-BEAB-A98AFEE321B1/data/Containers/Bundle/Application/058EB6E9-8ED0-4182-A9FC-43579D56A946/CidadaniaAtivaApp.app/www/index.html#/login
2015-05-24 21:16:56.614 CidadaniaAtivaApp[1439:52217] DiskCookieStorage changing policy from 2 to 0, cookie file: file:///Users/lucas/Library/Developer/CoreSimulator/Devices/9DF1EA58-F610-4F91-BEAB-A98AFEE321B1/data/Containers/Data/Application/4CAF9A56-08AD-462E-8CBF-CEE1832AD857/Library/Cookies/Cookies.binarycookies
2015-05-24 21:16:56.763 CidadaniaAtivaApp[1439:52217] Apache Cordova native platform version 3.7.0 is starting.
2015-05-24 21:16:56.764 CidadaniaAtivaApp[1439:52217] Multi-tasking -> Device: YES, App: YES
2015-05-24 21:16:56.766 CidadaniaAtivaApp[1439:52217] Unlimited access to network resources
2015-05-24 21:16:56.849 CidadaniaAtivaApp[1439:52217] [CDVTimer][keyboard] 0.075996ms
2015-05-24 21:16:56.870 CidadaniaAtivaApp[1439:52217] [CDVTimer][statusbar] 20.404041ms
2015-05-24 21:16:56.870 CidadaniaAtivaApp[1439:52217] [CDVTimer][TotalPluginStartup] 21.086991ms
2015-05-24 21:16:57.228 CidadaniaAtivaApp[1439:52217] Resetting plugins due to page load.
2015-05-24 21:16:58.348 CidadaniaAtivaApp[1439:52217] Finished load of: file:///Users/lucas/Library/Developer/CoreSimulator/Devices/9DF1EA58-F610-4F91-BEAB-A98AFEE321B1/data/Containers/Bundle/Application/BCA2E154-E7F0-4CF4-8E7A-37E156B7F364/CidadaniaAtivaApp.app/www/index.html#/login
2015-05-24 21:17:23.288 CidadaniaAtivaApp[1439:52217] Setting the WebView's frame to {{0, 0}, {375, 623}}
2015-05-24 21:17:23.300 CidadaniaAtivaApp[1439:52217] THREAD WARNING: ['InAppBrowser'] took '97.791992' ms. Plugin should use a background thread.
2015-05-24 21:18:46.662 CidadaniaAtivaApp[1439:52679] Terminating since there is no system app.
2015-06-08 21:40:18.410 CidadaniaAtivaApp[938:30038] Apache Cordova native platform version 3.7.0 is starting.
2015-06-08 21:40:18.413 CidadaniaAtivaApp[938:30038] Multi-tasking -> Device: YES, App: YES
2015-06-08 21:40:18.428 CidadaniaAtivaApp[938:30038] Unlimited access to network resources
2015-06-08 21:40:18.706 CidadaniaAtivaApp[938:30038] [CDVTimer][keyboard] 0.064015ms
2015-06-08 21:40:18.812 CidadaniaAtivaApp[938:30038] [CDVTimer][statusbar] 105.934024ms
2015-06-08 21:40:18.812 CidadaniaAtivaApp[938:30038] [CDVTimer][TotalPluginStartup] 106.606007ms
2015-06-08 21:40:18.975 CidadaniaAtivaApp[938:30038] Resetting plugins due to page load.
2015-06-08 21:40:21.323 CidadaniaAtivaApp[938:30038] Finished load of: file:///Users/lucas/Library/Developer/CoreSimulator/Devices/9DF1EA58-F610-4F91-BEAB-A98AFEE321B1/data/Containers/Bundle/Application/387E1F21-A71B-4AA9-81C9-88F8FA8AD23B/CidadaniaAtivaApp.app/www/index.html#/login
2015-06-08 21:40:57.307 CidadaniaAtivaApp[1272:31265] DiskCookieStorage changing policy from 2 to 0, cookie file: file:///Users/lucas/Library/Developer/CoreSimulator/Devices/9DF1EA58-F610-4F91-BEAB-A98AFEE321B1/data/Containers/Data/Application/1ED221D7-D083-4050-919E-3B568EBA6F2B/Library/Cookies/Cookies.binarycookies
2015-06-08 21:40:57.419 CidadaniaAtivaApp[1272:31265] Apache Cordova native platform version 3.7.0 is starting.
2015-06-08 21:40:57.419 CidadaniaAtivaApp[1272:31265] Multi-tasking -> Device: YES, App: YES
2015-06-08 21:40:57.423 CidadaniaAtivaApp[1272:31265] Unlimited access to network resources
2015-06-08 21:40:57.544 CidadaniaAtivaApp[1272:31265] [CDVTimer][keyboard] 0.078976ms
2015-06-08 21:40:57.566 CidadaniaAtivaApp[1272:31265] [CDVTimer][statusbar] 21.766007ms
2015-06-08 21:40:57.566 CidadaniaAtivaApp[1272:31265] [CDVTimer][TotalPluginStartup] 23.818970ms
2015-06-08 21:40:57.993 CidadaniaAtivaApp[1272:31265] Resetting plugins due to page load.
2015-06-08 21:40:58.884 CidadaniaAtivaApp[1272:31265] Finished load of: file:///Users/lucas/Library/Developer/CoreSimulator/Devices/9DF1EA58-F610-4F91-BEAB-A98AFEE321B1/data/Containers/Bundle/Application/E0B3844F-F944-43A2-A18B-4D47F27DEF75/CidadaniaAtivaApp.app/www/index.html#/login
2015-06-08 21:41:01.702 CidadaniaAtivaApp[1272:31265] Setting the WebView's frame to {{0, 0}, {375, 623}}
2015-06-08 21:41:01.718 CidadaniaAtivaApp[1272:31265] THREAD WARNING: ['InAppBrowser'] took '100.777100' ms. Plugin should use a background thread.
2015-06-08 21:41:20.921 CidadaniaAtivaApp[1272:31265] webView:didFailLoadWithError - -999: The operation couldn’t be completed. (NSURLErrorDomain error -999.)
2015-06-08 21:43:00.762 CidadaniaAtivaApp[1272:31287] void SendDelegateMessage(NSInvocation *): delegate (webView:runJavaScriptAlertPanelWithMessage:initiatedByFrame:) failed to return after waiting 10 seconds. main run loop mode: kCFRunLoopDefaultMode
2015-06-08 22:14:15.420 CidadaniaAtivaApp[1655:49937] Apache Cordova native platform version 3.7.0 is starting.
2015-06-08 22:14:15.421 CidadaniaAtivaApp[1655:49937] Multi-tasking -> Device: YES, App: YES
2015-06-08 22:14:15.424 CidadaniaAtivaApp[1655:49937] Unlimited access to network resources
2015-06-08 22:14:15.566 CidadaniaAtivaApp[1655:49937] [CDVTimer][keyboard] 0.169992ms
2015-06-08 22:14:15.589 CidadaniaAtivaApp[1655:49937] [CDVTimer][statusbar] 22.514045ms
2015-06-08 22:14:15.589 CidadaniaAtivaApp[1655:49937] [CDVTimer][TotalPluginStartup] 23.645997ms
2015-06-08 22:14:15.689 CidadaniaAtivaApp[1655:49937] Resetting plugins due to page load.
2015-06-08 22:14:16.714 CidadaniaAtivaApp[1655:49937] Finished load of: file:///Users/lucas/Library/Developer/CoreSimulator/Devices/9DF1EA58-F610-4F91-BEAB-A98AFEE321B1/data/Containers/Bundle/Application/1A3883F5-8582-4896-860A-F58B8CB9ED63/CidadaniaAtivaApp.app/www/index.html#/login
2015-06-08 22:14:40.221 CidadaniaAtivaApp[1655:49937] Setting the WebView's frame to {{0, 0}, {375, 623}}
2015-06-08 22:14:40.231 CidadaniaAtivaApp[1655:49937] THREAD WARNING: ['InAppBrowser'] took '125.386963' ms. Plugin should use a background thread.
2015-06-08 22:15:15.973 CidadaniaAtivaApp[1655:49937] ERROR: Error: undefined is not an object (evaluating 'result.data.picture.data.url')
file:///Users/lucas/Library/Developer/CoreSimulator/Devices/9DF1EA58-F610-4F91-BEAB-A98AFEE321B1/data/Containers/Bundle/Application/1A3883F5-8582-4896-860A-F58B8CB9ED63/CidadaniaAtivaApp.app/www/js/services/auth.service.js:62:126
processQueue@file:///Users/lucas/Library/Developer/CoreSimulator/Devices/9DF1EA58-F610-4F91-BEAB-A98AFEE321B1/data/Containers/Bundle/Application/1A3883F5-8582-4896-860A-F58B8CB9ED63/CidadaniaAtivaApp.app/www/lib/ionic/js/ionic.bundle.js:21825:29
file:///Users/lucas/Library/Developer/CoreSimulator/Devices/9DF1EA58-F610-4F91-BEAB-A98AFEE321B1/data/Containers/Bundle/Application/1A3883F5-8582-4896-860A-F58B8CB9ED63/CidadaniaAtivaApp.app/www/lib/ionic/js/ionic.bundle.js:21841:39
$eval@file:///Users/lucas/Library/Developer/CoreSimulator/Devices/9DF1EA58-F610-4F91-BEAB-A98AFEE321B1/data/Containers/Bundle/Application/1A3883F5-8582-4896-860A-F58B8CB9ED63/CidadaniaAtivaApp.app/www/lib/ionic/js/ionic.bundle.js:23037:28
$digest@file:///Users/lucas/Library/Developer/CoreSimulator/Devices/9DF1EA58-F610-4F91-BEAB-A98AFEE321B1/data/Containers/Bundle/Application/1A3883F5-8582-4896-860A-F58B8CB9ED63/CidadaniaAtivaApp.app/www/lib/ionic/js/ionic.bundle.js:22853:36
$apply@file:///Users/lucas/Library/Developer/CoreSimulator/Devices/9DF1EA58-F610-4F91-BEAB-A98AFEE321B1/data/Containers/Bundle/Application/1A3883F5-8582-4896-860A-F58B8CB9ED63/CidadaniaAtivaApp.app/www/lib/ionic/js/ionic.bundle.js:23142:31
done@file:///Users/lucas/Library/Developer/CoreSimulator/Devices/9DF1EA58-F610-4F91-BEAB-A98AFEE321B1/data/Containers/Bundle/Application/1A3883F5-8582-4896-860A-F58B8CB9ED63/CidadaniaAtivaApp.app/www/lib/ionic/js/ionic.bundle.js:18295:53
completeRequest@file:///Users/lucas/Library/Developer/CoreSimulator/Devices/9DF1EA58-F610-4F91-BEAB-A98AFEE321B1/data/Containers/Bundle/Application/1A3883F5-8582-4896-860A-F58B8CB9ED63/CidadaniaAtivaApp.app/www/lib/ionic/js/ionic.bundle.js:18485:15
requestLoaded@file:///Users/lucas/Library/Developer/CoreSimulator/Devices/9DF1EA58-F610-4F91-BEAB-A98AFEE321B1/data/Containers/Bundle/Application/1A3883F5-8582-4896-860A-F58B8CB9ED63/CidadaniaAtivaApp.app/www/lib/ionic/js/ionic.bundle.js:18426:24
2015-06-08 22:15:25.603 CidadaniaAtivaApp[1655:49937] Setting the WebView's frame to {{0, 0}, {375, 623}}
2015-06-08 22:15:25.606 CidadaniaAtivaApp[1655:49937] THREAD WARNING: ['InAppBrowser'] took '109.364990' ms. Plugin should use a background thread.
2015-06-08 22:32:53.640 CidadaniaAtivaApp[1655:55749] Terminating since there is no system app.
2015-06-14 20:44:10.609 CidadaniaAtivaApp[8939:104666] Apache Cordova native platform version 3.7.0 is starting.
2015-06-14 20:44:10.611 CidadaniaAtivaApp[8939:104666] Multi-tasking -> Device: YES, App: YES
2015-06-14 20:44:10.627 CidadaniaAtivaApp[8939:104666] Unlimited access to network resources
2015-06-14 20:44:10.962 CidadaniaAtivaApp[8939:104666] [CDVTimer][keyboard] 0.055015ms
2015-06-14 20:44:11.091 CidadaniaAtivaApp[8939:104666] [CDVTimer][statusbar] 129.282951ms
2015-06-14 20:44:11.092 CidadaniaAtivaApp[8939:104666] [CDVTimer][TotalPluginStartup] 129.996002ms
2015-06-14 20:44:11.232 CidadaniaAtivaApp[8939:104666] Resetting plugins due to page load.
2015-06-14 20:44:12.241 CidadaniaAtivaApp[8939:104666] Finished load of: file:///Users/lucas/Library/Developer/CoreSimulator/Devices/9DF1EA58-F610-4F91-BEAB-A98AFEE321B1/data/Containers/Bundle/Application/47910ECC-E443-490E-98B3-E87AF83762AA/CidadaniaAtivaApp.app/www/index.html#/login
2015-06-14 20:44:52.505 CidadaniaAtivaApp[9306:105934] DiskCookieStorage changing policy from 2 to 0, cookie file: file:///Users/lucas/Library/Developer/CoreSimulator/Devices/9DF1EA58-F610-4F91-BEAB-A98AFEE321B1/data/Containers/Data/Application/B4C2E8EE-C7C8-4EB8-8AC7-BD39D96C9E59/Library/Cookies/Cookies.binarycookies
2015-06-14 20:44:52.625 CidadaniaAtivaApp[9306:105934] Apache Cordova native platform version 3.7.0 is starting.
2015-06-14 20:44:52.626 CidadaniaAtivaApp[9306:105934] Multi-tasking -> Device: YES, App: YES
2015-06-14 20:44:52.629 CidadaniaAtivaApp[9306:105934] Unlimited access to network resources
2015-06-14 20:44:52.743 CidadaniaAtivaApp[9306:105934] [CDVTimer][keyboard] 0.059009ms
2015-06-14 20:44:52.763 CidadaniaAtivaApp[9306:105934] [CDVTimer][statusbar] 19.829988ms
2015-06-14 20:44:52.763 CidadaniaAtivaApp[9306:105934] [CDVTimer][TotalPluginStartup] 20.483017ms
2015-06-14 20:44:53.047 CidadaniaAtivaApp[9306:105934] Resetting plugins due to page load.
2015-06-14 20:44:53.968 CidadaniaAtivaApp[9306:105934] Finished load of: file:///Users/lucas/Library/Developer/CoreSimulator/Devices/9DF1EA58-F610-4F91-BEAB-A98AFEE321B1/data/Containers/Bundle/Application/860B0EE9-3CEC-4F85-A5B0-A6DB664562F3/CidadaniaAtivaApp.app/www/index.html#/login
2015-06-14 20:45:43.301 CidadaniaAtivaApp[9306:105934] Setting the WebView's frame to {{0, 0}, {375, 623}}
2015-06-14 20:45:43.313 CidadaniaAtivaApp[9306:105934] THREAD WARNING: ['InAppBrowser'] took '98.275391' ms. Plugin should use a background thread.
2015-06-14 20:46:31.804 CidadaniaAtivaApp[9306:105934] Snapshotting a view that has not been rendered results in an empty snapshot. Ensure your view has been rendered at least once before snapshotting or snapshot after screen updates.
2015-06-14 20:51:08.233 CidadaniaAtivaApp[10257:109147] DiskCookieStorage changing policy from 2 to 0, cookie file: file:///Users/lucas/Library/Developer/CoreSimulator/Devices/9DF1EA58-F610-4F91-BEAB-A98AFEE321B1/data/Containers/Data/Application/C0230118-0982-46C6-9CB2-8CF31A79CC2D/Library/Cookies/Cookies.binarycookies
2015-06-14 20:51:08.356 CidadaniaAtivaApp[10257:109147] Apache Cordova native platform version 3.7.0 is starting.
2015-06-14 20:51:08.357 CidadaniaAtivaApp[10257:109147] Multi-tasking -> Device: YES, App: YES
2015-06-14 20:51:08.359 CidadaniaAtivaApp[10257:109147] Unlimited access to network resources
2015-06-14 20:51:08.465 CidadaniaAtivaApp[10257:109147] [CDVTimer][keyboard] 0.052989ms
2015-06-14 20:51:08.486 CidadaniaAtivaApp[10257:109147] [CDVTimer][statusbar] 21.260977ms
2015-06-14 20:51:08.486 CidadaniaAtivaApp[10257:109147] [CDVTimer][TotalPluginStartup] 21.943986ms
2015-06-14 20:51:08.794 CidadaniaAtivaApp[10257:109147] Resetting plugins due to page load.
2015-06-14 20:51:09.649 CidadaniaAtivaApp[10257:109147] Finished load of: file:///Users/lucas/Library/Developer/CoreSimulator/Devices/9DF1EA58-F610-4F91-BEAB-A98AFEE321B1/data/Containers/Bundle/Application/298E4062-778A-442D-B7B4-F99B46C6538A/CidadaniaAtivaApp.app/www/index.html#/login
2015-06-14 20:51:11.419 CidadaniaAtivaApp[10257:109147] Setting the WebView's frame to {{0, 0}, {375, 623}}
2015-06-14 20:51:11.423 CidadaniaAtivaApp[10257:109147] THREAD WARNING: ['InAppBrowser'] took '67.536133' ms. Plugin should use a background thread.
2015-06-14 20:51:11.969 CidadaniaAtivaApp[10257:109147] Tried to show IAB while already shown
2015-06-14 20:51:11.972 CidadaniaAtivaApp[10257:109147] webView:didFailLoadWithError - -999: The operation couldn’t be completed. (NSURLErrorDomain error -999.)
2015-06-14 20:51:25.432 CidadaniaAtivaApp[10257:109147] Lucas Henrique-lucashen@gmail.com
2015-06-14 20:52:13.229 CidadaniaAtivaApp[10642:110467] Apache Cordova native platform version 3.7.0 is starting.
2015-06-14 20:52:13.230 CidadaniaAtivaApp[10642:110467] Multi-tasking -> Device: YES, App: YES
2015-06-14 20:52:13.233 CidadaniaAtivaApp[10642:110467] Unlimited access to network resources
2015-06-14 20:52:13.339 CidadaniaAtivaApp[10642:110467] [CDVTimer][keyboard] 0.104964ms
2015-06-14 20:52:13.358 CidadaniaAtivaApp[10642:110467] [CDVTimer][statusbar] 18.510997ms
2015-06-14 20:52:13.358 CidadaniaAtivaApp[10642:110467] [CDVTimer][TotalPluginStartup] 19.181013ms
2015-06-14 20:52:13.444 CidadaniaAtivaApp[10642:110467] Resetting plugins due to page load.
2015-06-14 20:52:13.708 CidadaniaAtivaApp[10642:110467] Finished load of: file:///Users/lucas/Library/Developer/CoreSimulator/Devices/9DF1EA58-F610-4F91-BEAB-A98AFEE321B1/data/Containers/Bundle/Application/13F48CE7-0BF0-44F8-8C2F-A50F23B3314F/CidadaniaAtivaApp.app/www/index.html#/login
2015-06-14 20:52:17.440 CidadaniaAtivaApp[10642:110467] Setting the WebView's frame to {{0, 0}, {375, 623}}
2015-06-14 20:52:17.445 CidadaniaAtivaApp[10642:110467] THREAD WARNING: ['InAppBrowser'] took '59.550049' ms. Plugin should use a background thread.
2015-06-14 20:52:50.295 CidadaniaAtivaApp[11001:111633] Apache Cordova native platform version 3.7.0 is starting.
2015-06-14 20:52:50.296 CidadaniaAtivaApp[11001:111633] Multi-tasking -> Device: YES, App: YES
2015-06-14 20:52:50.299 CidadaniaAtivaApp[11001:111633] Unlimited access to network resources
2015-06-14 20:52:50.407 CidadaniaAtivaApp[11001:111633] [CDVTimer][keyboard] 0.054002ms
2015-06-14 20:52:50.422 CidadaniaAtivaApp[11001:111633] [CDVTimer][statusbar] 15.443981ms
2015-06-14 20:52:50.423 CidadaniaAtivaApp[11001:111633] [CDVTimer][TotalPluginStartup] 15.855968ms
2015-06-14 20:52:50.507 CidadaniaAtivaApp[11001:111633] Resetting plugins due to page load.
2015-06-14 20:52:50.881 CidadaniaAtivaApp[11001:111633] Finished load of: file:///Users/lucas/Library/Developer/CoreSimulator/Devices/9DF1EA58-F610-4F91-BEAB-A98AFEE321B1/data/Containers/Bundle/Application/8482D5C0-CEFE-41D5-A348-6128BF524096/CidadaniaAtivaApp.app/www/index.html#/login
2015-06-14 20:52:52.262 CidadaniaAtivaApp[11001:111633] Setting the WebView's frame to {{0, 0}, {375, 623}}
2015-06-14 20:52:52.267 CidadaniaAtivaApp[11001:111633] THREAD WARNING: ['InAppBrowser'] took '59.173096' ms. Plugin should use a background thread.
